<?xml version="1.0" encoding="UTF-8"?>
<testng-results ignored="0" total="5" passed="5" failed="0" skipped="0">
  <reporter-output>
  </reporter-output>
  <suite started-at="2025-08-14T18:38:17 IST" name="All Test Suite" finished-at="2025-08-14T18:38:29 IST" duration-ms="12168">
    <groups>
      <group name="smoke">
        <method signature="hierachyInAnnotation.testCase1()[pri:0, instance:TestNG.hierachyInAnnotation@1b7cc17c]" name="testCase1" class="TestNG.hierachyInAnnotation"/>
        <method signature="hierachyInAnnotation.testCase2()[pri:0, instance:TestNG.hierachyInAnnotation@1b7cc17c]" name="testCase2" class="TestNG.hierachyInAnnotation"/>
      </group> <!-- smoke -->
    </groups>
    <test started-at="2025-08-14T18:38:17 IST" name="C:/software testing/automation testing/MavenProject" finished-at="2025-08-14T18:38:29 IST" duration-ms="12168">
      <class name="TestNG.hierachyInAnnotation">
        <test-method is-config="true" signature="PreCondition()[pri:0, instance:TestNG.hierachyInAnnotation@1b7cc17c]" started-at="2025-08-14T18:38:24 IST" name="PreCondition" finished-at="2025-08-14T18:38:25 IST" duration-ms="968" status="PASS">
          <reporter-output>
          </reporter-output>
        </test-method> <!-- PreCondition -->
        <test-method signature="testCase1()[pri:0, instance:TestNG.hierachyInAnnotation@1b7cc17c]" started-at="2025-08-14T18:38:25 IST" name="testCase1" finished-at="2025-08-14T18:38:27 IST" duration-ms="1839" status="PASS">
          <reporter-output>
          </reporter-output>
        </test-method> <!-- testCase1 -->
        <test-method is-config="true" signature="postCondation()[pri:0, instance:TestNG.hierachyInAnnotation@1b7cc17c]" started-at="2025-08-14T18:38:27 IST" name="postCondation" finished-at="2025-08-14T18:38:27 IST" duration-ms="229" status="PASS">
          <reporter-output>
          </reporter-output>
        </test-method> <!-- postCondation -->
        <test-method is-config="true" signature="PreCondition()[pri:0, instance:TestNG.hierachyInAnnotation@1b7cc17c]" started-at="2025-08-14T18:38:27 IST" name="PreCondition" finished-at="2025-08-14T18:38:28 IST" duration-ms="909" status="PASS">
          <reporter-output>
          </reporter-output>
        </test-method> <!-- PreCondition -->
        <test-method signature="testCase2()[pri:0, instance:TestNG.hierachyInAnnotation@1b7cc17c]" started-at="2025-08-14T18:38:28 IST" name="testCase2" finished-at="2025-08-14T18:38:29 IST" duration-ms="1067" status="PASS">
          <reporter-output>
          </reporter-output>
        </test-method> <!-- testCase2 -->
        <test-method is-config="true" signature="postCondation()[pri:0, instance:TestNG.hierachyInAnnotation@1b7cc17c]" started-at="2025-08-14T18:38:29 IST" name="postCondation" finished-at="2025-08-14T18:38:29 IST" duration-ms="159" status="PASS">
          <reporter-output>
          </reporter-output>
        </test-method> <!-- postCondation -->
      </class> <!-- TestNG.hierachyInAnnotation -->
      <class name="TestNG.softassertexp">
        <test-method signature="VerifySoftAssert()[pri:0, instance:TestNG.softassertexp@478190fc]" started-at="2025-08-14T18:38:17 IST" name="VerifySoftAssert" finished-at="2025-08-14T18:38:20 IST" duration-ms="2850" status="PASS">
          <reporter-output>
          </reporter-output>
        </test-method> <!-- VerifySoftAssert -->
      </class> <!-- TestNG.softassertexp -->
      <class name="TestNG.HardAssertionExp">
        <test-method signature="VerifyHardAssert()[pri:0, instance:TestNG.HardAssertionExp@4550bb58]" started-at="2025-08-14T18:38:20 IST" name="VerifyHardAssert" finished-at="2025-08-14T18:38:22 IST" duration-ms="2095" status="PASS">
          <reporter-output>
          </reporter-output>
        </test-method> <!-- VerifyHardAssert -->
      </class> <!-- TestNG.HardAssertionExp -->
      <class name="TestNG.NeedOfParameterization">
        <test-method signature="NeeofParameterization(java.lang.String,java.lang.String)[pri:0, instance:TestNG.NeedOfParameterization@223191a6]" started-at="2025-08-14T18:38:22 IST" name="NeeofParameterization" finished-at="2025-08-14T18:38:24 IST" duration-ms="1973" status="PASS">
          <params>
            <param index="0">
              <value>
                <![CDATA[standard_user]]>
              </value>
            </param>
            <param index="1">
              <value>
                <![CDATA[secret_sauce]]>
              </value>
            </param>
          </params>
          <reporter-output>
          </reporter-output>
        </test-method> <!-- NeeofParameterization -->
      </class> <!-- TestNG.NeedOfParameterization -->
    </test> <!-- C:/software testing/automation testing/MavenProject -->
  </suite> <!-- All Test Suite -->
</testng-results>
